<?xml version="1.0" encoding="UTF-8" ?>
<testsuite tests="56" failures="0" name="agileProject.CucumberTest" time="8.829" errors="0" skipped="0">
  <properties>
[...]
</properties>
  <testcase classname="Client Managment registration functionalities" name="Registration of a new client by a company" time="2.513"/>
  <testcase classname="Client Managment registration functionalities" name="Registration of a new client by a company" time="0.029"/>
  <testcase classname="Client Managment registration functionalities" name="Registration of a new client by a company" time="0.017"/>
  <testcase classname="Client Managment registration functionalities" name="Unsuccessful registration of a new client by a company because of already taken name" time="0.032"/>
  <testcase classname="Client Managment registration functionalities" name="Unsuccessful registration of a new client by a company because of already taken e-mail" time="0.022"/>
  <testcase classname="Client Managment search functionalities" name="Name search" time="0.025"/>
  <testcase classname="Client Managment search functionalities" name="Name search" time="0.009"/>
  <testcase classname="Client Managment search functionalities" name="E-mail search" time="0.025"/>
  <testcase classname="Client Managment search functionalities" name="E-mail search" time="0.011"/>
  <testcase classname="Client Managment update functionalities" name="Successful name update" time="0.037"/>
  <testcase classname="Client Managment update functionalities" name="Unsuccessful name update because name already taken" time="0.039"/>
  <testcase classname="Client Managment update functionalities" name="Successful e-mail update" time="0.031"/>
  <testcase classname="Client Managment update functionalities" name="Unsuccessful e-mail update because invalid e-mail" time="0.023"/>
  <testcase classname="Client Managment update functionalities" name="Unsuccessful e-mail update because e-mail already taken" time="0.044"/>
  <testcase classname="Client Managment update functionalities" name="Successful reference person update" time="0.029"/>
  <testcase classname="Client Managment update functionalities" name="Unsuccessful reference person update" time="0.026"/>
  <testcase classname="Client Managment update functionalities" name="Successful address update" time="0.02"/>
  <testcase classname="Client Managment update functionalities" name="Unsuccessful address update because invalid address" time="0.022"/>
  <testcase classname="Client Managment update functionalities" name="Unsuccessful address update because invalid address" time="0.021"/>
  <testcase classname="Client Managment update functionalities" name="Successful password update" time="0.031"/>
  <testcase classname="Client Managment update functionalities" name="Unsuccessful password update" time="0.023"/>
  <testcase classname="Title of your feature" name="Succesful search for container status history" time="0.296"/>
  <testcase classname="Title of your feature" name="Succesful search for container journey history" time="0.202"/>
  <testcase classname="Title of your feature" name="Succesful search for container journey status history" time="0.274"/>
  <testcase classname="Title of your feature" name="Succesful search for container status history" time="0.211"/>
  <testcase classname="Title of your feature" name="Succesful search for container journey history" time="0.183"/>
  <testcase classname="Title of your feature" name="Succesful search for container journey status history" time="0.225"/>
  <testcase classname="Title of your feature" name="Succesful search for container journey status history" time="0.253"/>
  <testcase classname="Container Tracking" name="Container Status" time="0.137"/>
  <testcase classname="Container Tracking" name="Container Status" time="0.096"/>
  <testcase classname="Container Tracking" name="latest Container Status request by authorized client" time="0.087"/>
  <testcase classname="Container Tracking" name="latest Container Status request by authorized client" time="0.046"/>
  <testcase classname="Container Tracking" name="latest Container Status request by authorized client for non exsisting journey" time="0.059"/>
  <testcase classname="Container Tracking" name="closest Container Status request by authorized client for non exsisting journey" time="0.049"/>
  <testcase classname="Container Tracking" name="Container Status request by unauthorized client" time="0.074"/>
  <testcase classname="Container Tracking" name="Container Status request with date" time="0.097"/>
  <testcase classname="Journey filtering by client" name="Successful Journey Filter" time="0.281"/>
  <testcase classname="Journey filtering by client" name="Successful Journey Filter" time="0.275"/>
  <testcase classname="Journey filtering by client" name="Successful Journey Filter" time="0.275"/>
  <testcase classname="Journey filtering by client" name="Successful Journey Filter" time="0.28"/>
  <testcase classname="Journey filtering by client" name="Successful Journey Filter" time="0.297"/>
  <testcase classname="Journey filtering by client" name="Successful Journey Filter" time="0.297"/>
  <testcase classname="Journey filtering by client" name="Successful Journey Filter" time="0.315"/>
  <testcase classname="Journey filtering by client" name="Successful Journey Filter" time="0.425"/>
  <testcase classname="Journey filtering by client" name="Successful Journey Filter" time="0.287"/>
  <testcase classname="Journey Registrations" name="Succesful Journey Registration" time="0.096"/>
  <testcase classname="Journey Registrations" name="Unsuccesful Journey Registration" time="0.018"/>
  <testcase classname="Journey Registrations" name="Unsuccesful Journey Registration" time="0.021"/>
  <testcase classname="Journey Registrations" name="Unsuccesful Journey Registration not enough Containers" time="0.065"/>
  <testcase classname="Journey Registrations" name="Successful Location adding" time="0.072"/>
  <testcase classname="Journey Registrations" name="Unsuccessful Location adding" time="0.046"/>
  <testcase classname="Journey update by logistics Company" name="Journey Update" time="0.11"/>
  <testcase classname="Journey update by logistics Company" name="Journey Update" time="0.081"/>
  <testcase classname="Journey update by logistics Company" name="Successful Journey Finish" time="0.104"/>
  <testcase classname="Journey update by logistics Company" name="Unsuccessful Journey Update because journey doesnt exist" time="0.069"/>
  <testcase classname="Journey update by logistics Company" name="Unsuccessful Journey finish because journey doesnt exist" time="0.097"/>
</testsuite>