<?xml version="1.0" encoding="UTF-8" ?>
<testsuite tests="4" failures="0" name="agileProject.CucumberTest" time="0.26" errors="0" skipped="4">
  <properties>
[...]
</properties>
  <testcase classname="Client Managment search functionalities" name="Name search" time="0.237">
    <skipped/>
    <system-err>Mar 17, 2021 4:31:06 PM io.cucumber.junit.Cucumber &lt;init&gt;
WARNING: By default Cucumber is running in --non-strict mode.
This default will change to --strict and --non-strict will be removed.
You can use --strict or @CucumberOptions(strict = true) to suppress this warning
</system-err>
  </testcase>
  <testcase classname="Client Managment search functionalities" name="Name search" time="0.005">
    <skipped/>
  </testcase>
  <testcase classname="Client Managment search functionalities" name="E-mail search" time="0.007">
    <skipped/>
  </testcase>
  <testcase classname="Client Managment search functionalities" name="E-mail search" time="0.011">
    <skipped/>
  </testcase>
</testsuite>